<?xml version="1.0" encoding="UTF-8"?>
<!-- Generated by org.testng.reporters.JUnitXMLReporter -->
<testsuite ignored="0" hostname="DESKTOP-75RQCON" failures="1" tests="15" name="Test" time="283.941" errors="0" timestamp="2022-06-29T09:17:30 IST">
  <testcase classname="testjava.DashboardPageTest" name="verifyDashBoardTest" time="40.225"/>
  <testcase classname="testjava.DashboardPageTest" name="verifyJapanese" time="26.117"/>
  <testcase classname="testjava.DashboardPageTest" name="verifyHasBroProduct" time="26.425"/>
  <testcase classname="testjava.DashboardPageTest" name="verifyVintageProduct" time="22.515">
    <failure type="org.openqa.selenium.WebDriverException" message="unknown error: cannot determine loading status
from unknown error: unexpected command response
  (Session info: chrome=103.0.5060.53)
Build info: version: &amp;apos;4.0.0&amp;apos;, revision: &amp;apos;3a21814679&amp;apos;
System info: host: &amp;apos;DESKTOP-75RQCON&amp;apos;, ip: &amp;apos;192.168.87.204&amp;apos;, os.name: &amp;apos;Windows 10&amp;apos;, os.arch: &amp;apos;amd64&amp;apos;, os.version: &amp;apos;10.0&amp;apos;, java.version: &amp;apos;15.0.1&amp;apos;
Driver info: org.openqa.selenium.chrome.ChromeDriver
Command: [881bf6fa74b45fe648c01f4a1985f18f, clickElement {id=0b8c4013-8a89-40ca-890d-1a395c69e29c}]
Capabilities {acceptInsecureCerts: false, browserName: chrome, browserVersion: 103.0.5060.53, chrome: {chromedriverVersion: 103.0.5060.53 (a1711811edd7..., userDataDir: C:\Users\Admin\AppData\Loca...}, goog:chromeOptions: {debuggerAddress: localhost:50391}, javascriptEnabled: true, networkConnectionEnabled: false, pageLoadStrategy: normal, platform: WINDOWS, platformName: WINDOWS, proxy: Proxy(), se:cdp: ws://localhost:50391/devtoo..., se:cdpVersion: 103.0.5060.53, setWindowRect: true, strictFileInteractability: false, timeouts: {implicit: 0, pageLoad: 300000, script: 30000}, unhandledPromptBehavior: dismiss and notify, webauthn:extension:credBlob: true, webauthn:extension:largeBlob: true, webauthn:virtualAuthenticators: true}
Element: [[ChromeDriver: chrome on WINDOWS (881bf6fa74b45fe648c01f4a1985f18f)] -&amp;gt; xpath: //input[@name=&amp;apos;add_carrt&amp;apos;]]
Session ID: 881bf6fa74b45fe648c01f4a1985f18f">
      <![CDATA[org.openqa.selenium.WebDriverException: unknown error: cannot determine loading status
from unknown error: unexpected command response
  (Session info: chrome=103.0.5060.53)
Build info: version: '4.0.0', revision: '3a21814679'
System info: host: 'DESKTOP-75RQCON', ip: '192.168.87.204', os.name: 'Windows 10', os.arch: 'amd64', os.version: '10.0', java.version: '15.0.1'
Driver info: org.openqa.selenium.chrome.ChromeDriver
Command: [881bf6fa74b45fe648c01f4a1985f18f, clickElement {id=0b8c4013-8a89-40ca-890d-1a395c69e29c}]
Capabilities {acceptInsecureCerts: false, browserName: chrome, browserVersion: 103.0.5060.53, chrome: {chromedriverVersion: 103.0.5060.53 (a1711811edd7..., userDataDir: C:\Users\Admin\AppData\Loca...}, goog:chromeOptions: {debuggerAddress: localhost:50391}, javascriptEnabled: true, networkConnectionEnabled: false, pageLoadStrategy: normal, platform: WINDOWS, platformName: WINDOWS, proxy: Proxy(), se:cdp: ws://localhost:50391/devtoo..., se:cdpVersion: 103.0.5060.53, setWindowRect: true, strictFileInteractability: false, timeouts: {implicit: 0, pageLoad: 300000, script: 30000}, unhandledPromptBehavior: dismiss and notify, webauthn:extension:credBlob: true, webauthn:extension:largeBlob: true, webauthn:virtualAuthenticators: true}
Element: [[ChromeDriver: chrome on WINDOWS (881bf6fa74b45fe648c01f4a1985f18f)] -> xpath: //input[@name='add_carrt']]
Session ID: 881bf6fa74b45fe648c01f4a1985f18f
at org.openqa.selenium.remote.codec.w3c.W3CHttpResponseCodec.createException(W3CHttpResponseCodec.java:200)
at org.openqa.selenium.remote.codec.w3c.W3CHttpResponseCodec.decode(W3CHttpResponseCodec.java:133)
at org.openqa.selenium.remote.codec.w3c.W3CHttpResponseCodec.decode(W3CHttpResponseCodec.java:53)
at org.openqa.selenium.remote.HttpCommandExecutor.execute(HttpCommandExecutor.java:184)
at org.openqa.selenium.remote.service.DriverCommandExecutor.invokeExecute(DriverCommandExecutor.java:164)
at org.openqa.selenium.remote.service.DriverCommandExecutor.execute(DriverCommandExecutor.java:139)
at org.openqa.selenium.remote.RemoteWebDriver.execute(RemoteWebDriver.java:559)
at org.openqa.selenium.remote.RemoteWebElement.execute(RemoteWebElement.java:251)
at org.openqa.selenium.remote.RemoteWebElement.click(RemoteWebElement.java:77)
at org.openqa.selenium.support.pagefactory.internal.LocatingElementHandler.invoke(LocatingElementHandler.java:52)
at com.sun.proxy.$Proxy17.click(Unknown Source)
at mainjava.DashboardPage.verifyVintage(DashboardPage.java:255)
at testjava.DashboardPageTest.verifyVintageProduct(DashboardPageTest.java:44)
at java.base/java.util.ArrayList.forEach(ArrayList.java:1511)
... Removed 36 stack frames]]>
    </failure>
  </testcase> <!-- verifyVintageProduct -->
  <testcase classname="testjava.DashboardPageTest" name="verifyExclusivesProduct" time="22.623"/>
  <testcase classname="testjava.DashboardPageTest" name="verifyCheckOut" time="6.553"/>
  <testcase classname="testjava.DashboardPageTest" name="verifychooseShippingOption" time="13.646"/>
  <testcase classname="testjava.DashboardPageTest" name="verifyOrder" time="9.81"/>
  <testcase classname="testjava.DashboardPageTest" name="verifyingShipngAddress" time="2.908"/>
  <testcase classname="testjava.DashboardPageTest" name="verifyProductSelection" time="5.878"/>
  <testcase classname="testjava.DashboardPageTest" name="verifyingPlaceOder" time="15.388"/>
  <testcase classname="testjava.DashboardPageTest" name="verifyOrderDetails" time="2.701"/>
  <testcase classname="testjava.DashboardPageTest" name="verifyproductSelection" time="43.233"/>
  <testcase classname="testjava.DashboardPageTest" name="verifyproductSelection" time="41.696"/>
  <testcase classname="testjava.DashboardPageTest" name="logout" time="3.847"/>
</testsuite> <!-- Test -->
