<?xml version="1.0" encoding="UTF-8"?>
<!-- Generated by org.testng.reporters.JUnitReportReporter -->
<testsuite hostname="DESKTOP-75RQCON" failures="0" tests="15" name="testjava.DashboardPageTest" time="283.771" errors="1" timestamp="2022-06-29T09:17:33 IST" skipped="0">
  <testcase classname="testjava.DashboardPageTest" name="verifyDashBoardTest" time="40.238"/>
  <system-out>
    <![CDATA[First product selected from ThirdParty Figure]]>
  </system-out>
  <testcase classname="testjava.DashboardPageTest" name="verifyJapanese" time="26.120"/>
  <system-out>
    <![CDATA[Second product selected from Japanese]]>
  </system-out>
  <testcase classname="testjava.DashboardPageTest" name="verifyHasBroProduct" time="26.430"/>
  <system-out>
    <![CDATA[Third product selected from HasBro]]>
  </system-out>
  <testcase classname="testjava.DashboardPageTest" name="verifyVintageProduct" time="22.537">
    <error message="unknown error: cannot determine loading status
from unknown error: unexpected command response
  (Session info: chrome=103.0.5060.53)
Build info: version: &#039;4.0.0&#039;, revision: &#039;3a21814679&#039;
System info: host: &#039;DESKTOP-75RQCON&#039;, ip: &#039;192.168.87.204&#039;, os.name: &#039;Windows 10&#039;, os.arch: &#039;amd64&#039;, os.version: &#039;10.0&#039;, java.version: &#039;15.0.1&#039;
Driver info: org.openqa.selenium.chrome.ChromeDriver
Command: [881bf6fa74b45fe648c01f4a1985f18f, clickElement {id=0b8c4013-8a89-40ca-890d-1a395c69e29c}]
Capabilities {acceptInsecureCerts: false, browserName: chrome, browserVersion: 103.0.5060.53, chrome: {chromedriverVersion: 103.0.5060.53 (a1711811edd7..., userDataDir: C:\Users\Admin\AppData\Loca...}, goog:chromeOptions: {debuggerAddress: localhost:50391}, javascriptEnabled: true, networkConnectionEnabled: false, pageLoadStrategy: normal, platform: WINDOWS, platformName: WINDOWS, proxy: Proxy(), se:cdp: ws://localhost:50391/devtoo..., se:cdpVersion: 103.0.5060.53, setWindowRect: true, strictFileInteractability: false, timeouts: {implicit: 0, pageLoad: 300000, script: 30000}, unhandledPromptBehavior: dismiss and notify, webauthn:extension:credBlob: true, webauthn:extension:largeBlob: true, webauthn:virtualAuthenticators: true}
Element: [[ChromeDriver: chrome on WINDOWS (881bf6fa74b45fe648c01f4a1985f18f)] -&gt; xpath: //input[@name=&#039;add_carrt&#039;]]
Session ID: 881bf6fa74b45fe648c01f4a1985f18f" type="org.openqa.selenium.WebDriverException">
      <![CDATA[org.openqa.selenium.WebDriverException: unknown error: cannot determine loading status
from unknown error: unexpected command response
  (Session info: chrome=103.0.5060.53)
Build info: version: '4.0.0', revision: '3a21814679'
System info: host: 'DESKTOP-75RQCON', ip: '192.168.87.204', os.name: 'Windows 10', os.arch: 'amd64', os.version: '10.0', java.version: '15.0.1'
Driver info: org.openqa.selenium.chrome.ChromeDriver
Command: [881bf6fa74b45fe648c01f4a1985f18f, clickElement {id=0b8c4013-8a89-40ca-890d-1a395c69e29c}]
Capabilities {acceptInsecureCerts: false, browserName: chrome, browserVersion: 103.0.5060.53, chrome: {chromedriverVersion: 103.0.5060.53 (a1711811edd7..., userDataDir: C:\Users\Admin\AppData\Loca...}, goog:chromeOptions: {debuggerAddress: localhost:50391}, javascriptEnabled: true, networkConnectionEnabled: false, pageLoadStrategy: normal, platform: WINDOWS, platformName: WINDOWS, proxy: Proxy(), se:cdp: ws://localhost:50391/devtoo..., se:cdpVersion: 103.0.5060.53, setWindowRect: true, strictFileInteractability: false, timeouts: {implicit: 0, pageLoad: 300000, script: 30000}, unhandledPromptBehavior: dismiss and notify, webauthn:extension:credBlob: true, webauthn:extension:largeBlob: true, webauthn:virtualAuthenticators: true}
Element: [[ChromeDriver: chrome on WINDOWS (881bf6fa74b45fe648c01f4a1985f18f)] -> xpath: //input[@name='add_carrt']]
Session ID: 881bf6fa74b45fe648c01f4a1985f18f
at java.base/jdk.internal.reflect.NativeConstructorAccessorImpl.newInstance0(Native Method)
at java.base/jdk.internal.reflect.NativeConstructorAccessorImpl.newInstance(NativeConstructorAccessorImpl.java:64)
at java.base/jdk.internal.reflect.DelegatingConstructorAccessorImpl.newInstance(DelegatingConstructorAccessorImpl.java:45)
at java.base/java.lang.reflect.Constructor.newInstanceWithCaller(Constructor.java:500)
at java.base/java.lang.reflect.Constructor.newInstance(Constructor.java:481)
at org.openqa.selenium.remote.codec.w3c.W3CHttpResponseCodec.createException(W3CHttpResponseCodec.java:200)
at org.openqa.selenium.remote.codec.w3c.W3CHttpResponseCodec.decode(W3CHttpResponseCodec.java:133)
at org.openqa.selenium.remote.codec.w3c.W3CHttpResponseCodec.decode(W3CHttpResponseCodec.java:53)
at org.openqa.selenium.remote.HttpCommandExecutor.execute(HttpCommandExecutor.java:184)
at org.openqa.selenium.remote.service.DriverCommandExecutor.invokeExecute(DriverCommandExecutor.java:164)
at org.openqa.selenium.remote.service.DriverCommandExecutor.execute(DriverCommandExecutor.java:139)
at org.openqa.selenium.remote.RemoteWebDriver.execute(RemoteWebDriver.java:559)
at org.openqa.selenium.remote.RemoteWebElement.execute(RemoteWebElement.java:251)
at org.openqa.selenium.remote.RemoteWebElement.click(RemoteWebElement.java:77)
at java.base/jdk.internal.reflect.NativeMethodAccessorImpl.invoke0(Native Method)
at java.base/jdk.internal.reflect.NativeMethodAccessorImpl.invoke(NativeMethodAccessorImpl.java:64)
at java.base/jdk.internal.reflect.DelegatingMethodAccessorImpl.invoke(DelegatingMethodAccessorImpl.java:43)
at java.base/java.lang.reflect.Method.invoke(Method.java:564)
at org.openqa.selenium.support.pagefactory.internal.LocatingElementHandler.invoke(LocatingElementHandler.java:52)
at com.sun.proxy.$Proxy17.click(Unknown Source)
at mainjava.DashboardPage.verifyVintage(DashboardPage.java:255)
at testjava.DashboardPageTest.verifyVintageProduct(DashboardPageTest.java:44)
at java.base/jdk.internal.reflect.NativeMethodAccessorImpl.invoke0(Native Method)
at java.base/jdk.internal.reflect.NativeMethodAccessorImpl.invoke(NativeMethodAccessorImpl.java:64)
at java.base/jdk.internal.reflect.DelegatingMethodAccessorImpl.invoke(DelegatingMethodAccessorImpl.java:43)
at java.base/java.lang.reflect.Method.invoke(Method.java:564)
at org.testng.internal.MethodInvocationHelper.invokeMethod(MethodInvocationHelper.java:133)
at org.testng.internal.TestInvoker.invokeMethod(TestInvoker.java:598)
at org.testng.internal.TestInvoker.invokeTestMethod(TestInvoker.java:173)
at org.testng.internal.MethodRunner.runInSequence(MethodRunner.java:46)
at org.testng.internal.TestInvoker$MethodInvocationAgent.invoke(TestInvoker.java:824)
at org.testng.internal.TestInvoker.invokeTestMethods(TestInvoker.java:146)
at org.testng.internal.TestMethodWorker.invokeTestMethods(TestMethodWorker.java:146)
at org.testng.internal.TestMethodWorker.run(TestMethodWorker.java:128)
at java.base/java.util.ArrayList.forEach(ArrayList.java:1511)
at org.testng.TestRunner.privateRun(TestRunner.java:794)
at org.testng.TestRunner.run(TestRunner.java:596)
at org.testng.SuiteRunner.runTest(SuiteRunner.java:377)
at org.testng.SuiteRunner.runSequentially(SuiteRunner.java:371)
at org.testng.SuiteRunner.privateRun(SuiteRunner.java:332)
at org.testng.SuiteRunner.run(SuiteRunner.java:276)
at org.testng.SuiteRunnerWorker.runSuite(SuiteRunnerWorker.java:53)
at org.testng.SuiteRunnerWorker.run(SuiteRunnerWorker.java:96)
at org.testng.TestNG.runSuitesSequentially(TestNG.java:1212)
at org.testng.TestNG.runSuitesLocally(TestNG.java:1134)
at org.testng.TestNG.runSuites(TestNG.java:1063)
at org.testng.TestNG.run(TestNG.java:1031)
at org.testng.remote.AbstractRemoteTestNG.run(AbstractRemoteTestNG.java:115)
at org.testng.remote.RemoteTestNG.initAndRun(RemoteTestNG.java:251)
at org.testng.remote.RemoteTestNG.main(RemoteTestNG.java:77)
]]>
    </error>
  </testcase> <!-- verifyVintageProduct -->
  <system-out/>
  <testcase classname="testjava.DashboardPageTest" name="verifyExclusivesProduct" time="22.633"/>
  <system-out>
    <![CDATA[Fifth product selected from Exclusive]]>
  </system-out>
  <testcase classname="testjava.DashboardPageTest" name="verifyCheckOut" time="6.561"/>
  <system-out>
    <![CDATA[Added all items into Cart]]>
  </system-out>
  <testcase classname="testjava.DashboardPageTest" name="verifychooseShippingOption" time="13.651"/>
  <system-out>
    <![CDATA[Choose Shiping option-All items to my stack]]>
  </system-out>
  <testcase classname="testjava.DashboardPageTest" name="verifyOrder" time="9.818"/>
  <system-out>
    <![CDATA[Place your order]]>
  </system-out>
  <testcase classname="testjava.DashboardPageTest" name="verifyingShipngAddress" time="2.914"/>
  <system-out>
    <![CDATA[Address selected]]>
  </system-out>
  <testcase classname="testjava.DashboardPageTest" name="verifyProductSelection" time="5.892"/>
  <system-out>
    <![CDATA[Everytime select 2 Item]]>
  </system-out>
  <testcase classname="testjava.DashboardPageTest" name="verifyingPlaceOder" time="15.392"/>
  <system-out>
    <![CDATA[Order Place successfully]]>
  </system-out>
  <testcase classname="testjava.DashboardPageTest" name="verifyOrderDetails" time="2.717"/>
  <system-out>
    <![CDATA[Order Summary 
Order ID: 
Order# 1012944
Item and SubTotal: 
$53.98
Shipping and Handling: 
$33.40
Grand Total :
$87.38
Delivery Address :
Pratik George
Near Wakad
Baner
Pune, Maharashtra 421105
IN]]>
  </system-out>
  <testcase classname="testjava.DashboardPageTest" name="verifyproductSelection" time="41.781"/>
  <system-out>
    <![CDATA[Address selected
Everytime select 2 Item
Order Place successfully
Order Summary 
Order ID: 
Order# 1012946
Item and SubTotal: 
$11.99
Shipping and Handling: 
$28.56
Grand Total :
$40.55
Delivery Address :
Mahesh Babu
Karnataka
Satara
Earth, Karnataka 422601
IN]]>
  </system-out>
  <testcase classname="testjava.DashboardPageTest" name="verifyproductSelection" time="43.237"/>
  <system-out>
    <![CDATA[Address selected
Everytime select 2 Item
Order Place successfully
Order Summary 
Order ID: 
Order# 1012945
Item and SubTotal: 
$34.98
Shipping and Handling: 
$33.40
Grand Total :
$68.38
Delivery Address :
Mahesh Babu
Karnataka
Satara
Earth, Karnataka 422601
IN]]>
  </system-out>
  <testcase classname="testjava.DashboardPageTest" name="logout" time="3.850"/>
  <system-out>
    <![CDATA[Logout Successfully]]>
  </system-out>
</testsuite> <!-- testjava.DashboardPageTest -->
